<?xml version="1.0" encoding="UTF-8"?>
<!-- Generated by org.testng.reporters.JUnitReportReporter -->
<testsuite hostname="Mahmood" name="tests.TC001_Login" tests="2" failures="0" timestamp="1 Nov 2017 12:50:47 GMT" time="76.091" errors="0">
  <testcase name="loginPage" time="52.779" classname="tests.TC001_Login"/>
  <testcase name="loginPage" time="23.312" classname="tests.TC001_Login"/>
</testsuite> <!-- tests.TC001_Login -->
