<?xml version="1.0" encoding="UTF-8"?>
<!-- Generated by org.testng.reporters.JUnitReportReporter -->
<testsuite hostname="Mahmood" name="tests.TC003_EditLead" tests="2" failures="0" timestamp="1 Nov 2017 12:50:47 GMT" time="84.767" errors="0">
  <testcase name="createLead" time="46.623" classname="tests.TC003_EditLead"/>
  <testcase name="createLead" time="38.144" classname="tests.TC003_EditLead"/>
</testsuite> <!-- tests.TC003_EditLead -->
