<?xml version="1.0" encoding="UTF-8"?>
<!-- Generated by org.testng.reporters.JUnitReportReporter -->
<testsuite hostname="Mahmood" name="tests.TC002_CreateLead" tests="2" failures="0" timestamp="1 Nov 2017 12:50:47 GMT" time="117.819" errors="0">
  <testcase name="createLead" time="35.412" classname="tests.TC002_CreateLead"/>
  <testcase name="createLead" time="82.407" classname="tests.TC002_CreateLead"/>
</testsuite> <!-- tests.TC002_CreateLead -->
