<?xml version="1.0" encoding="UTF-8"?>
<!-- Generated by org.testng.reporters.JUnitReportReporter -->
<testsuite hostname="Mahmood" name="tests.TC001_Login" tests="2" failures="0" timestamp="2 Nov 2017 07:18:37 GMT" time="41.535" errors="0">
  <testcase name="loginPage" time="29.243" classname="tests.TC001_Login"/>
  <testcase name="loginPage" time="12.292" classname="tests.TC001_Login"/>
</testsuite> <!-- tests.TC001_Login -->
