<?xml version="1.0" encoding="UTF-8"?>
<!-- Generated by org.testng.reporters.JUnitReportReporter -->
<testsuite hostname="Mahmood" name="tests.TC003_EditLead" tests="2" failures="0" timestamp="3 Nov 2017 15:04:29 GMT" time="109.477" errors="0">
  <testcase name="createLead" time="48.018" classname="tests.TC003_EditLead"/>
  <testcase name="createLead" time="61.459" classname="tests.TC003_EditLead"/>
</testsuite> <!-- tests.TC003_EditLead -->
