<?xml version="1.0" encoding="UTF-8"?>
<!-- Generated by org.testng.reporters.JUnitReportReporter -->
<testsuite hostname="Mahmood" name="tests.TC003_EditLead" tests="2" failures="0" timestamp="2 Nov 2017 07:18:37 GMT" time="55.846" errors="0">
  <testcase name="createLead" time="27.457" classname="tests.TC003_EditLead"/>
  <testcase name="createLead" time="28.389" classname="tests.TC003_EditLead"/>
</testsuite> <!-- tests.TC003_EditLead -->
