<?xml version="1.0" encoding="UTF-8"?>
<!-- Generated by org.testng.reporters.JUnitReportReporter -->
<testsuite hostname="Mahmood" name="tests.TC001_Login" tests="2" failures="0" timestamp="3 Nov 2017 15:04:29 GMT" time="47.061" errors="0">
  <testcase name="loginPage" time="16.292" classname="tests.TC001_Login"/>
  <testcase name="loginPage" time="30.769" classname="tests.TC001_Login"/>
</testsuite> <!-- tests.TC001_Login -->
