<?xml version="1.0" encoding="UTF-8"?>
<!-- Generated by org.testng.reporters.JUnitReportReporter -->
<testsuite hostname="Mahmood" name="tests.TC002_CreateLead" tests="2" failures="0" timestamp="3 Nov 2017 15:04:29 GMT" time="53.316" errors="0">
  <testcase name="createLead" time="26.789" classname="tests.TC002_CreateLead"/>
  <testcase name="createLead" time="26.527" classname="tests.TC002_CreateLead"/>
</testsuite> <!-- tests.TC002_CreateLead -->
