<?xml version="1.0" encoding="UTF-8"?>
<!-- Generated by org.testng.reporters.JUnitReportReporter -->
<testsuite hostname="Mahmood" name="tests.TC002_CreateLead" tests="2" failures="0" timestamp="2 Nov 2017 07:18:37 GMT" time="50.919" errors="0">
  <testcase name="createLead" time="26.737" classname="tests.TC002_CreateLead"/>
  <testcase name="createLead" time="24.182" classname="tests.TC002_CreateLead"/>
</testsuite> <!-- tests.TC002_CreateLead -->
